<?xml version="1.0" encoding="UTF-8"?><testsuite errors="0" failures="0" name="Music tracks and Metadata Test" skipped="0" tests="5" time="4.68" timestamp="2023-08-12T21:29:53.291+01:00[Europe/London]"><testcase name="User wants to verify the GET request response"/><testcase name="User wants to verify the &quot;id&quot; and &quot;segment_type&quot; fields"/><testcase name="User wants to verify the &quot;primary&quot; field in &quot;title_list&quot;"/><testcase name="User wants to verify the &quot;now_playing&quot; field"/><testcase name="Verify the &quot;Date&quot; value in response headers"/></testsuite>