<?xml version="1.0" encoding="UTF-8"?><testsuite errors="0" failures="0" name="Music tracks and Metadata Test" skipped="0" tests="5" time="6.3" timestamp="2023-08-14T22:29:34.239+01:00[Europe/London]"><testcase name="Verify the GET request response code is 200 and response time is below 1000 milliseconds"/><testcase name="User wants to verify the 'id' and 'segment_type' fields"/><testcase name="User wants to verify the 'primary' field in 'title_list'"/><testcase name="User wants to verify the 'now_playing' field"/><testcase name="User wants to verify the &quot;Date&quot; value in response headers"/></testsuite>