<?xml version="1.0" encoding="UTF-8"?><testsuite errors="0" failures="0" name="Music tracks and Metadata Test" skipped="0" tests="5" time="6.19" timestamp="2023-08-13T21:31:13.171+01:00[Europe/London]"><testcase name="Verify the GET request response"/><testcase name="User wants to verify the 'id' and 'segment_type' fields"/><testcase name="User wants to verify the 'primary' field in 'title_list'"/><testcase name="User wants to verify the 'now_playing' field"/><testcase name="User wants to verify the &quot;Date&quot; value in response headers"/></testsuite>